<?xml version="1.0" encoding="utf-8"?><testsuites name="pytest tests"><testsuite name="pytest" errors="0" failures="0" skipped="0" tests="50" time="11.615" timestamp="2026-07-20T15:31:38.967681+00:00" hostname="agent-env-46c56247-833d-4720-8d0c-7a257c92705b"><testcase classname="tests.backend_test.TestProjectsAndTasks" name="test_create_project" time="0.752" /><testcase classname="tests.backend_test.TestProjectsAndTasks" name="test_list_projects" time="0.114" /><testcase classname="tests.backend_test.TestWorkspacesAndMembers" name="test_create_workspace" time="0.811" /><testcase classname="tests.backend_test.TestWorkspacesAndMembers" name="test_list_workspaces_includes_created" time="0.158" /><testcase classname="tests.backend_test.TestProjectsAndTasks" name="test_get_project" time="0.106" /><testcase classname="tests.backend_test.TestWorkspacesAndMembers" name="test_get_workspace" time="0.149" /><testcase classname="tests.backend_test.TestProjectsAndTasks" name="test_create_task_todo" time="0.117" /><testcase classname="tests.backend_test.TestProjectsAndTasks" name="test_list_tasks" time="0.137" /><testcase classname="tests.backend_test.TestProjectsAndTasks" name="test_update_task_status_moves_column" time="0.337" /><testcase classname="tests.backend_test.TestWorkspacesAndMembers" name="test_non_member_cannot_access" time="0.536" /><testcase classname="tests.backend_test.TestProjectsAndTasks" name="test_task_status_done" time="0.144" /><testcase classname="tests.backend_test.TestWorkspacesAndMembers" name="test_invite_member" time="0.123" /><testcase classname="tests.backend_test.TestProjectsAndTasks" name="test_y_delete_task" time="0.124" /><testcase classname="tests.backend_test.TestWorkspacesAndMembers" name="test_list_members_has_owner_and_invitee" time="0.137" /><testcase classname="tests.backend_test.TestProjectsAndTasks" name="test_z_delete_project" time="0.112" /><testcase classname="tests.backend_test.TestWorkspacesAndMembers" name="test_invite_duplicate_fails" time="0.119" /><testcase classname="tests.backend_test.TestWorkspacesAndMembers" name="test_invite_unknown_email_fails" time="0.262" /><testcase classname="tests.backend_test.TestWorkspacesAndMembers" name="test_cannot_remove_owner" time="0.113" /><testcase classname="tests.backend_test.TestAuth" name="test_register_returns_token_and_user" time="0.406" /><testcase classname="tests.backend_test.TestAuth" name="test_register_duplicate_email_fails" time="0.101" /><testcase classname="tests.backend_test.TestWorkspacesAndMembers" name="test_remove_member" time="0.378" /><testcase classname="tests.backend_test.TestAuth" name="test_login_success" time="0.333" /><testcase classname="tests.backend_test.TestAuth" name="test_login_wrong_password" time="0.334" /><testcase classname="tests.backend_test.TestWorkspacesAndMembers" name="test_z_delete_workspace" time="0.326" /><testcase classname="tests.backend_test.TestAuth" name="test_login_unknown_email" time="0.113" /><testcase classname="tests.backend_test.TestAuth" name="test_auth_me" time="0.294" /><testcase classname="tests.backend_test.TestAuth" name="test_auth_me_no_token" time="0.104" /><testcase classname="tests.backend_test.TestAuth" name="test_auth_me_bad_token" time="0.118" /><testcase classname="tests.test_new_features.TestFileValidation" name="test_reject_disallowed_extension_exe" time="0.683" /><testcase classname="tests.test_new_features.TestFileValidation" name="test_reject_over_size_limit" time="0.872" /><testcase classname="tests.backend_test.TestDocuments" name="test_create_document" time="0.595" /><testcase classname="tests.backend_test.TestDocuments" name="test_list_documents" time="0.192" /><testcase classname="tests.backend_test.TestDocuments" name="test_get_document" time="0.114" /><testcase classname="tests.backend_test.TestDocuments" name="test_update_document" time="0.259" /><testcase classname="tests.test_new_features.TestFileValidation" name="test_reject_empty_file" time="0.100" /><testcase classname="tests.test_new_features.TestFileValidation" name="test_reject_no_extension" time="0.104" /><testcase classname="tests.test_new_features.TestFileValidation" name="test_accept_valid_txt" time="0.252" /><testcase classname="tests.backend_test.TestDocuments" name="test_z_delete_document" time="0.248" /><testcase classname="tests.test_new_features.TestFileValidation" name="test_accept_valid_pdf" time="0.400" /><testcase classname="tests.test_new_features.TestFileValidation" name="test_accept_valid_png" time="0.457" /><testcase classname="tests.test_new_features.TestWebSocketCollab" name="test_ws_rejects_invalid_token" time="1.389" /><testcase classname="tests.backend_test.TestFiles" name="test_upload_file" time="0.550" /><testcase classname="tests.backend_test.TestFiles" name="test_list_files" time="0.360" /><testcase classname="tests.test_new_features.TestWebSocketCollab" name="test_ws_rejects_non_member" time="0.502" /><testcase classname="tests.backend_test.TestFiles" name="test_z_delete_file" time="0.262" /><testcase classname="tests.test_new_features.TestWebSocketCollab" name="test_ws_accepts_member_and_sends_active_users" time="0.189" /><testcase classname="tests.test_new_features.TestConfig" name="test_config_endpoint_returns_expected_shape" time="0.123" /><testcase classname="tests.test_new_features.TestWebSocketCollab" name="test_ws_two_users_broadcast_and_persist" time="3.226" /><testcase classname="tests.test_new_features.TestConfig" name="test_config_is_public_no_auth_required" time="0.104" /><testcase classname="tests.test_new_features.TestWebSocketCollab" name="test_ws_active_users_updated_on_disconnect" time="0.481" /></testsuite></testsuites>