<?xml version="1.0" encoding="utf-8"?><testsuites name="pytest tests"><testsuite name="pytest" errors="0" failures="0" skipped="0" tests="14" time="6.877" timestamp="2026-07-20T15:31:24.320697+00:00" hostname="agent-env-46c56247-833d-4720-8d0c-7a257c92705b"><testcase classname="tests.test_new_features.TestFileValidation" name="test_reject_disallowed_extension_exe" time="1.101" /><testcase classname="tests.test_new_features.TestFileValidation" name="test_reject_over_size_limit" time="0.795" /><testcase classname="tests.test_new_features.TestWebSocketCollab" name="test_ws_rejects_invalid_token" time="1.488" /><testcase classname="tests.test_new_features.TestWebSocketCollab" name="test_ws_rejects_non_member" time="0.600" /><testcase classname="tests.test_new_features.TestFileValidation" name="test_reject_empty_file" time="0.341" /><testcase classname="tests.test_new_features.TestWebSocketCollab" name="test_ws_accepts_member_and_sends_active_users" time="0.188" /><testcase classname="tests.test_new_features.TestFileValidation" name="test_reject_no_extension" time="0.115" /><testcase classname="tests.test_new_features.TestWebSocketCollab" name="test_ws_two_users_broadcast_and_persist" time="3.203" /><testcase classname="tests.test_new_features.TestFileValidation" name="test_accept_valid_txt" time="0.243" /><testcase classname="tests.test_new_features.TestFileValidation" name="test_accept_valid_pdf" time="0.232" /><testcase classname="tests.test_new_features.TestFileValidation" name="test_accept_valid_png" time="0.230" /><testcase classname="tests.test_new_features.TestWebSocketCollab" name="test_ws_active_users_updated_on_disconnect" time="0.439" /><testcase classname="tests.test_new_features.TestConfig" name="test_config_endpoint_returns_expected_shape" time="0.139" /><testcase classname="tests.test_new_features.TestConfig" name="test_config_is_public_no_auth_required" time="0.123" /></testsuite></testsuites>