<?xml version="1.0" encoding="utf-8"?><testsuites name="pytest tests"><testsuite name="pytest" errors="0" failures="0" skipped="0" tests="36" time="5.532" timestamp="2026-07-20T15:11:48.153675+00:00" hostname="agent-env-46c56247-833d-4720-8d0c-7a257c92705b"><testcase classname="tests.backend_test.TestProjectsAndTasks" name="test_create_project" time="0.728" /><testcase classname="tests.backend_test.TestProjectsAndTasks" name="test_list_projects" time="0.126" /><testcase classname="tests.backend_test.TestWorkspacesAndMembers" name="test_create_workspace" time="0.773" /><testcase classname="tests.backend_test.TestWorkspacesAndMembers" name="test_list_workspaces_includes_created" time="0.154" /><testcase classname="tests.backend_test.TestProjectsAndTasks" name="test_get_project" time="0.111" /><testcase classname="tests.backend_test.TestWorkspacesAndMembers" name="test_get_workspace" time="0.121" /><testcase classname="tests.backend_test.TestProjectsAndTasks" name="test_create_task_todo" time="0.162" /><testcase classname="tests.backend_test.TestProjectsAndTasks" name="test_list_tasks" time="0.286" /><testcase classname="tests.backend_test.TestProjectsAndTasks" name="test_update_task_status_moves_column" time="0.233" /><testcase classname="tests.backend_test.TestWorkspacesAndMembers" name="test_non_member_cannot_access" time="0.534" /><testcase classname="tests.backend_test.TestWorkspacesAndMembers" name="test_invite_member" time="0.129" /><testcase classname="tests.backend_test.TestProjectsAndTasks" name="test_task_status_done" time="0.120" /><testcase classname="tests.backend_test.TestWorkspacesAndMembers" name="test_list_members_has_owner_and_invitee" time="0.129" /><testcase classname="tests.backend_test.TestProjectsAndTasks" name="test_y_delete_task" time="0.150" /><testcase classname="tests.backend_test.TestWorkspacesAndMembers" name="test_invite_duplicate_fails" time="0.699" /><testcase classname="tests.backend_test.TestProjectsAndTasks" name="test_z_delete_project" time="0.118" /><testcase classname="tests.backend_test.TestAuth" name="test_register_returns_token_and_user" time="0.351" /><testcase classname="tests.backend_test.TestAuth" name="test_register_duplicate_email_fails" time="0.109" /><testcase classname="tests.backend_test.TestAuth" name="test_login_success" time="0.336" /><testcase classname="tests.backend_test.TestWorkspacesAndMembers" name="test_invite_unknown_email_fails" time="0.284" /><testcase classname="tests.backend_test.TestWorkspacesAndMembers" name="test_cannot_remove_owner" time="0.336" /><testcase classname="tests.backend_test.TestAuth" name="test_login_wrong_password" time="0.325" /><testcase classname="tests.backend_test.TestAuth" name="test_login_unknown_email" time="0.112" /><testcase classname="tests.backend_test.TestWorkspacesAndMembers" name="test_remove_member" time="0.224" /><testcase classname="tests.backend_test.TestAuth" name="test_auth_me" time="0.103" /><testcase classname="tests.backend_test.TestAuth" name="test_auth_me_no_token" time="0.095" /><testcase classname="tests.backend_test.TestWorkspacesAndMembers" name="test_z_delete_workspace" time="0.114" /><testcase classname="tests.backend_test.TestAuth" name="test_auth_me_bad_token" time="0.115" /><testcase classname="tests.backend_test.TestDocuments" name="test_create_document" time="0.701" /><testcase classname="tests.backend_test.TestDocuments" name="test_list_documents" time="0.116" /><testcase classname="tests.backend_test.TestFiles" name="test_upload_file" time="0.802" /><testcase classname="tests.backend_test.TestDocuments" name="test_get_document" time="0.158" /><testcase classname="tests.backend_test.TestFiles" name="test_list_files" time="0.113" /><testcase classname="tests.backend_test.TestDocuments" name="test_update_document" time="0.322" /><testcase classname="tests.backend_test.TestFiles" name="test_z_delete_file" time="0.225" /><testcase classname="tests.backend_test.TestDocuments" name="test_z_delete_document" time="0.205" /></testsuite></testsuites>